[2025-03-18 15:26:41]
<MessageDetails TransactionType="SALE" />

[2025-03-18 15:26:41]
<ThreeDSecureOverridePolicy>true</ThreeDSecureOverridePolicy>

[2025-03-18 15:26:41]
<DuplicateDelay>60</DuplicateDelay>

[2025-03-18 15:26:41]
<EchoCardType>true</EchoCardType>

[2025-03-18 15:26:41]
<EchoAVSCheckResult>true</EchoAVSCheckResult>

[2025-03-18 15:26:41]
<EchoCV2CheckResult>true</EchoCV2CheckResult>

[2025-03-18 15:26:41]
<EchoAmountReceived>true</EchoAmountReceived>

[2025-03-18 15:26:41]
<TransactionControl><ThreeDSecureOverridePolicy>true</ThreeDSecureOverridePolicy><DuplicateDelay>60</DuplicateDelay><EchoCardType>true</EchoCardType><EchoAVSCheckResult>true</EchoAVSCheckResult><EchoCV2CheckResult>true</EchoCV2CheckResult><EchoAmountReceived>true</EchoAmountReceived></TransactionControl>

[2025-03-18 15:26:41]
<AcceptHeaders>*/*</AcceptHeaders>

[2025-03-18 15:26:41]
<UserAgent>Mozilla/5.0 (Windows NT 10.0; Win64; x64) AppleWebKit/537.36 (KHTML, like Gecko) Chrome/134.0.0.0 Safari/537.36</UserAgent>

[2025-03-18 15:26:41]
<Language>en-GB</Language>

[2025-03-18 15:26:41]
<ScreenHeight>1000</ScreenHeight>

[2025-03-18 15:26:41]
<ScreenWidth>1778</ScreenWidth>

[2025-03-18 15:26:41]
<ScreenColourDepth>24</ScreenColourDepth>

[2025-03-18 15:26:41]
<TimeZone>-330</TimeZone>

[2025-03-18 15:26:41]
<ThreeDSecureBrowserDetails DeviceCategory="0"><AcceptHeaders>*/*</AcceptHeaders><UserAgent>Mozilla/5.0 (Windows NT 10.0; Win64; x64) AppleWebKit/537.36 (KHTML, like Gecko) Chrome/134.0.0.0 Safari/537.36</UserAgent><Language>en-GB</Language><ScreenHeight>1000</ScreenHeight><ScreenWidth>1778</ScreenWidth><ScreenColourDepth>24</ScreenColourDepth><TimeZone>-330</TimeZone></ThreeDSecureBrowserDetails>

[2025-03-18 15:26:41]
<FingerprintNotificationURL>http://127.0.0.1/payvector/ThreeDSecureLandingPage.php</FingerprintNotificationURL>

[2025-03-18 15:26:41]
<ChallengeNotificationURL>http://127.0.0.1/payvector/ThreeDSecureLandingPage.php</ChallengeNotificationURL>

[2025-03-18 15:26:41]
<ThreeDSecureNotificationDetails><FingerprintNotificationURL>http://127.0.0.1/payvector/ThreeDSecureLandingPage.php</FingerprintNotificationURL><ChallengeNotificationURL>http://127.0.0.1/payvector/ThreeDSecureLandingPage.php</ChallengeNotificationURL></ThreeDSecureNotificationDetails>

[2025-03-18 15:26:41]
<OrderID>Order-1234</OrderID>

[2025-03-18 15:26:41]
<OrderDescription>A Test Order</OrderDescription>

[2025-03-18 15:26:41]
<TransactionDetails Amount="1000" CurrencyCode="826"><MessageDetails TransactionType="SALE" /><TransactionControl><ThreeDSecureOverridePolicy>true</ThreeDSecureOverridePolicy><DuplicateDelay>60</DuplicateDelay><EchoCardType>true</EchoCardType><EchoAVSCheckResult>true</EchoAVSCheckResult><EchoCV2CheckResult>true</EchoCV2CheckResult><EchoAmountReceived>true</EchoAmountReceived></TransactionControl><ThreeDSecureBrowserDetails DeviceCategory="0"><AcceptHeaders>*/*</AcceptHeaders><UserAgent>Mozilla/5.0 (Windows NT 10.0; Win64; x64) AppleWebKit/537.36 (KHTML, like Gecko) Chrome/134.0.0.0 Safari/537.36</UserAgent><Language>en-GB</Language><ScreenHeight>1000</ScreenHeight><ScreenWidth>1778</ScreenWidth><ScreenColourDepth>24</ScreenColourDepth><TimeZone>-330</TimeZone></ThreeDSecureBrowserDetails><ThreeDSecureNotificationDetails><FingerprintNotificationURL>http://127.0.0.1/payvector/ThreeDSecureLandingPage.php</FingerprintNotificationURL><ChallengeNotificationURL>http://127.0.0.1/payvector/ThreeDSecureLandingPage.php</ChallengeNotificationURL></ThreeDSecureNotificationDetails><OrderID>Order-1234</OrderID><OrderDescription>A Test Order</OrderDescription></TransactionDetails>

[2025-03-18 15:26:41]
<CardName>test test</CardName>

[2025-03-18 15:26:41]
<CV2>345</CV2>

[2025-03-18 15:26:41]
<CardNumber>4976350000006891</CardNumber>

[2025-03-18 15:26:41]
<ExpiryDate Month="12" Year="26" />

[2025-03-18 15:26:41]
<StartDate Month="01" Year="12" />

[2025-03-18 15:26:41]
<IssueNumber>10</IssueNumber>

[2025-03-18 15:26:41]
<CardDetails><CardName>test test</CardName><CV2>345</CV2><CardNumber>4976350000006891</CardNumber><ExpiryDate Month="12" Year="26" /><StartDate Month="01" Year="12" /><IssueNumber>10</IssueNumber></CardDetails>

[2025-03-18 15:26:41]
<EmailAddress>test@test.com</EmailAddress>

[2025-03-18 15:26:41]
<PhoneNumber>123456789</PhoneNumber>

[2025-03-18 15:26:41]
<CustomerIPAddress>127.0.0.1</CustomerIPAddress>

[2025-03-18 15:26:41]
<CustomerDetails><EmailAddress>test@test.com</EmailAddress><PhoneNumber>123456789</PhoneNumber><CustomerIPAddress>127.0.0.1</CustomerIPAddress></CustomerDetails>

[2025-03-18 15:26:41]
<MerchantAuthentication MerchantID="PayVec-4235691" Password="THA2478AJA" />

[2025-03-18 15:26:41]
<PaymentMessage><TransactionDetails Amount="1000" CurrencyCode="826"><MessageDetails TransactionType="SALE" /><TransactionControl><ThreeDSecureOverridePolicy>true</ThreeDSecureOverridePolicy><DuplicateDelay>60</DuplicateDelay><EchoCardType>true</EchoCardType><EchoAVSCheckResult>true</EchoAVSCheckResult><EchoCV2CheckResult>true</EchoCV2CheckResult><EchoAmountReceived>true</EchoAmountReceived></TransactionControl><ThreeDSecureBrowserDetails DeviceCategory="0"><AcceptHeaders>*/*</AcceptHeaders><UserAgent>Mozilla/5.0 (Windows NT 10.0; Win64; x64) AppleWebKit/537.36 (KHTML, like Gecko) Chrome/134.0.0.0 Safari/537.36</UserAgent><Language>en-GB</Language><ScreenHeight>1000</ScreenHeight><ScreenWidth>1778</ScreenWidth><ScreenColourDepth>24</ScreenColourDepth><TimeZone>-330</TimeZone></ThreeDSecureBrowserDetails><ThreeDSecureNotificationDetails><FingerprintNotificationURL>http://127.0.0.1/payvector/ThreeDSecureLandingPage.php</FingerprintNotificationURL><ChallengeNotificationURL>http://127.0.0.1/payvector/ThreeDSecureLandingPage.php</ChallengeNotificationURL></ThreeDSecureNotificationDetails><OrderID>Order-1234</OrderID><OrderDescription>A Test Order</OrderDescription></TransactionDetails><CardDetails><CardName>test test</CardName><CV2>345</CV2><CardNumber>4976350000006891</CardNumber><ExpiryDate Month="12" Year="26" /><StartDate Month="01" Year="12" /><IssueNumber>10</IssueNumber></CardDetails><CustomerDetails><EmailAddress>test@test.com</EmailAddress><PhoneNumber>123456789</PhoneNumber><CustomerIPAddress>127.0.0.1</CustomerIPAddress></CustomerDetails><MerchantAuthentication MerchantID="PayVec-4235691" Password="THA2478AJA" /></PaymentMessage>

[2025-03-18 15:27:00]
<MessageDetails TransactionType="SALE" />

[2025-03-18 15:27:00]
<ThreeDSecureOverridePolicy>true</ThreeDSecureOverridePolicy>

[2025-03-18 15:27:00]
<DuplicateDelay>60</DuplicateDelay>

[2025-03-18 15:27:00]
<EchoCardType>true</EchoCardType>

[2025-03-18 15:27:00]
<EchoAVSCheckResult>true</EchoAVSCheckResult>

[2025-03-18 15:27:00]
<EchoCV2CheckResult>true</EchoCV2CheckResult>

[2025-03-18 15:27:00]
<EchoAmountReceived>true</EchoAmountReceived>

[2025-03-18 15:27:00]
<TransactionControl><ThreeDSecureOverridePolicy>true</ThreeDSecureOverridePolicy><DuplicateDelay>60</DuplicateDelay><EchoCardType>true</EchoCardType><EchoAVSCheckResult>true</EchoAVSCheckResult><EchoCV2CheckResult>true</EchoCV2CheckResult><EchoAmountReceived>true</EchoAmountReceived></TransactionControl>

[2025-03-18 15:27:00]
<AcceptHeaders>*/*</AcceptHeaders>

[2025-03-18 15:27:00]
<UserAgent>Mozilla/5.0 (Windows NT 10.0; Win64; x64) AppleWebKit/537.36 (KHTML, like Gecko) Chrome/134.0.0.0 Safari/537.36</UserAgent>

[2025-03-18 15:27:00]
<ThreeDSecureBrowserDetails DeviceCategory="0"><AcceptHeaders>*/*</AcceptHeaders><UserAgent>Mozilla/5.0 (Windows NT 10.0; Win64; x64) AppleWebKit/537.36 (KHTML, like Gecko) Chrome/134.0.0.0 Safari/537.36</UserAgent></ThreeDSecureBrowserDetails>

[2025-03-18 15:27:00]
<FingerprintNotificationURL>http://127.0.0.1/payvector/ThreeDSecureLandingPage.php</FingerprintNotificationURL>

[2025-03-18 15:27:00]
<ChallengeNotificationURL>http://127.0.0.1/payvector/ThreeDSecureLandingPage.php</ChallengeNotificationURL>

[2025-03-18 15:27:00]
<ThreeDSecureNotificationDetails><FingerprintNotificationURL>http://127.0.0.1/payvector/ThreeDSecureLandingPage.php</FingerprintNotificationURL><ChallengeNotificationURL>http://127.0.0.1/payvector/ThreeDSecureLandingPage.php</ChallengeNotificationURL></ThreeDSecureNotificationDetails>

[2025-03-18 15:27:00]
<OrderID>Order-1234</OrderID>

[2025-03-18 15:27:00]
<OrderDescription>A Test Order</OrderDescription>

[2025-03-18 15:27:00]
<TransactionDetails Amount="1000" CurrencyCode="826"><MessageDetails TransactionType="SALE" /><TransactionControl><ThreeDSecureOverridePolicy>true</ThreeDSecureOverridePolicy><DuplicateDelay>60</DuplicateDelay><EchoCardType>true</EchoCardType><EchoAVSCheckResult>true</EchoAVSCheckResult><EchoCV2CheckResult>true</EchoCV2CheckResult><EchoAmountReceived>true</EchoAmountReceived></TransactionControl><ThreeDSecureBrowserDetails DeviceCategory="0"><AcceptHeaders>*/*</AcceptHeaders><UserAgent>Mozilla/5.0 (Windows NT 10.0; Win64; x64) AppleWebKit/537.36 (KHTML, like Gecko) Chrome/134.0.0.0 Safari/537.36</UserAgent></ThreeDSecureBrowserDetails><ThreeDSecureNotificationDetails><FingerprintNotificationURL>http://127.0.0.1/payvector/ThreeDSecureLandingPage.php</FingerprintNotificationURL><ChallengeNotificationURL>http://127.0.0.1/payvector/ThreeDSecureLandingPage.php</ChallengeNotificationURL></ThreeDSecureNotificationDetails><OrderID>Order-1234</OrderID><OrderDescription>A Test Order</OrderDescription></TransactionDetails>

[2025-03-18 15:27:00]
<CardName>test test</CardName>

[2025-03-18 15:27:00]
<CV2>345</CV2>

[2025-03-18 15:27:00]
<CardNumber>4282730000002397</CardNumber>

[2025-03-18 15:27:00]
<ExpiryDate Month="12" Year="26" />

[2025-03-18 15:27:00]
<StartDate Month="01" Year="12" />

[2025-03-18 15:27:00]
<IssueNumber>10</IssueNumber>

[2025-03-18 15:27:00]
<CardDetails><CardName>test test</CardName><CV2>345</CV2><CardNumber>4282730000002397</CardNumber><ExpiryDate Month="12" Year="26" /><StartDate Month="01" Year="12" /><IssueNumber>10</IssueNumber></CardDetails>

[2025-03-18 15:27:00]
<EmailAddress>test@test.com</EmailAddress>

[2025-03-18 15:27:00]
<PhoneNumber>123456789</PhoneNumber>

[2025-03-18 15:27:00]
<CustomerIPAddress>127.0.0.1</CustomerIPAddress>

[2025-03-18 15:27:00]
<CustomerDetails><EmailAddress>test@test.com</EmailAddress><PhoneNumber>123456789</PhoneNumber><CustomerIPAddress>127.0.0.1</CustomerIPAddress></CustomerDetails>

[2025-03-18 15:27:00]
<MerchantAuthentication MerchantID="PayVec-4235691" Password="THA2478AJA" />

[2025-03-18 15:27:00]
<PaymentMessage><TransactionDetails Amount="1000" CurrencyCode="826"><MessageDetails TransactionType="SALE" /><TransactionControl><ThreeDSecureOverridePolicy>true</ThreeDSecureOverridePolicy><DuplicateDelay>60</DuplicateDelay><EchoCardType>true</EchoCardType><EchoAVSCheckResult>true</EchoAVSCheckResult><EchoCV2CheckResult>true</EchoCV2CheckResult><EchoAmountReceived>true</EchoAmountReceived></TransactionControl><ThreeDSecureBrowserDetails DeviceCategory="0"><AcceptHeaders>*/*</AcceptHeaders><UserAgent>Mozilla/5.0 (Windows NT 10.0; Win64; x64) AppleWebKit/537.36 (KHTML, like Gecko) Chrome/134.0.0.0 Safari/537.36</UserAgent></ThreeDSecureBrowserDetails><ThreeDSecureNotificationDetails><FingerprintNotificationURL>http://127.0.0.1/payvector/ThreeDSecureLandingPage.php</FingerprintNotificationURL><ChallengeNotificationURL>http://127.0.0.1/payvector/ThreeDSecureLandingPage.php</ChallengeNotificationURL></ThreeDSecureNotificationDetails><OrderID>Order-1234</OrderID><OrderDescription>A Test Order</OrderDescription></TransactionDetails><CardDetails><CardName>test test</CardName><CV2>345</CV2><CardNumber>4282730000002397</CardNumber><ExpiryDate Month="12" Year="26" /><StartDate Month="01" Year="12" /><IssueNumber>10</IssueNumber></CardDetails><CustomerDetails><EmailAddress>test@test.com</EmailAddress><PhoneNumber>123456789</PhoneNumber><CustomerIPAddress>127.0.0.1</CustomerIPAddress></CustomerDetails><MerchantAuthentication MerchantID="PayVec-4235691" Password="THA2478AJA" /></PaymentMessage>

[2025-03-18 15:27:52]
<MessageDetails TransactionType="SALE" />

[2025-03-18 15:27:52]
<ThreeDSecureOverridePolicy>true</ThreeDSecureOverridePolicy>

[2025-03-18 15:27:52]
<DuplicateDelay>60</DuplicateDelay>

[2025-03-18 15:27:52]
<EchoCardType>true</EchoCardType>

[2025-03-18 15:27:52]
<EchoAVSCheckResult>true</EchoAVSCheckResult>

[2025-03-18 15:27:52]
<EchoCV2CheckResult>true</EchoCV2CheckResult>

[2025-03-18 15:27:52]
<EchoAmountReceived>true</EchoAmountReceived>

[2025-03-18 15:27:52]
<TransactionControl><ThreeDSecureOverridePolicy>true</ThreeDSecureOverridePolicy><DuplicateDelay>60</DuplicateDelay><EchoCardType>true</EchoCardType><EchoAVSCheckResult>true</EchoAVSCheckResult><EchoCV2CheckResult>true</EchoCV2CheckResult><EchoAmountReceived>true</EchoAmountReceived></TransactionControl>

[2025-03-18 15:27:52]
<AcceptHeaders>*/*</AcceptHeaders>

[2025-03-18 15:27:52]
<UserAgent>Mozilla/5.0 (Windows NT 10.0; Win64; x64) AppleWebKit/537.36 (KHTML, like Gecko) Chrome/134.0.0.0 Safari/537.36</UserAgent>

[2025-03-18 15:27:52]
<ThreeDSecureBrowserDetails DeviceCategory="0"><AcceptHeaders>*/*</AcceptHeaders><UserAgent>Mozilla/5.0 (Windows NT 10.0; Win64; x64) AppleWebKit/537.36 (KHTML, like Gecko) Chrome/134.0.0.0 Safari/537.36</UserAgent></ThreeDSecureBrowserDetails>

[2025-03-18 15:27:52]
<FingerprintNotificationURL>http://127.0.0.1/payvector/ThreeDSecureLandingPage.php</FingerprintNotificationURL>

[2025-03-18 15:27:52]
<ChallengeNotificationURL>http://127.0.0.1/payvector/ThreeDSecureLandingPage.php</ChallengeNotificationURL>

[2025-03-18 15:27:52]
<ThreeDSecureNotificationDetails><FingerprintNotificationURL>http://127.0.0.1/payvector/ThreeDSecureLandingPage.php</FingerprintNotificationURL><ChallengeNotificationURL>http://127.0.0.1/payvector/ThreeDSecureLandingPage.php</ChallengeNotificationURL></ThreeDSecureNotificationDetails>

[2025-03-18 15:27:52]
<OrderID>Order-1234</OrderID>

[2025-03-18 15:27:52]
<OrderDescription>A Test Order</OrderDescription>

[2025-03-18 15:27:52]
<TransactionDetails Amount="1000" CurrencyCode="826"><MessageDetails TransactionType="SALE" /><TransactionControl><ThreeDSecureOverridePolicy>true</ThreeDSecureOverridePolicy><DuplicateDelay>60</DuplicateDelay><EchoCardType>true</EchoCardType><EchoAVSCheckResult>true</EchoAVSCheckResult><EchoCV2CheckResult>true</EchoCV2CheckResult><EchoAmountReceived>true</EchoAmountReceived></TransactionControl><ThreeDSecureBrowserDetails DeviceCategory="0"><AcceptHeaders>*/*</AcceptHeaders><UserAgent>Mozilla/5.0 (Windows NT 10.0; Win64; x64) AppleWebKit/537.36 (KHTML, like Gecko) Chrome/134.0.0.0 Safari/537.36</UserAgent></ThreeDSecureBrowserDetails><ThreeDSecureNotificationDetails><FingerprintNotificationURL>http://127.0.0.1/payvector/ThreeDSecureLandingPage.php</FingerprintNotificationURL><ChallengeNotificationURL>http://127.0.0.1/payvector/ThreeDSecureLandingPage.php</ChallengeNotificationURL></ThreeDSecureNotificationDetails><OrderID>Order-1234</OrderID><OrderDescription>A Test Order</OrderDescription></TransactionDetails>

[2025-03-18 15:27:52]
<CardName>Jessica Bennet</CardName>

[2025-03-18 15:27:52]
<CV2>123</CV2>

[2025-03-18 15:27:52]
<CardNumber>4000009429309977</CardNumber>

[2025-03-18 15:27:52]
<ExpiryDate Month="12" Year="26" />

[2025-03-18 15:27:52]
<StartDate Month="01" Year="12" />

[2025-03-18 15:27:52]
<IssueNumber>10</IssueNumber>

[2025-03-18 15:27:52]
<CardDetails><CardName>Jessica Bennet</CardName><CV2>123</CV2><CardNumber>4000009429309977</CardNumber><ExpiryDate Month="12" Year="26" /><StartDate Month="01" Year="12" /><IssueNumber>10</IssueNumber></CardDetails>

[2025-03-18 15:27:52]
<Address1>7 Hillview Road,</Address1>

[2025-03-18 15:27:52]
<Address2>Woking,</Address2>

[2025-03-18 15:27:52]
<City>Surrey,</City>

[2025-03-18 15:27:52]
<BillingAddress><Address1>7 Hillview Road,</Address1><Address2>Woking,</Address2><City>Surrey,</City></BillingAddress>

[2025-03-18 15:27:52]
<EmailAddress>test@test.com</EmailAddress>

[2025-03-18 15:27:52]
<PhoneNumber>123456789</PhoneNumber>

[2025-03-18 15:27:52]
<CustomerIPAddress>127.0.0.1</CustomerIPAddress>

[2025-03-18 15:27:52]
<CustomerDetails><BillingAddress><Address1>7 Hillview Road,</Address1><Address2>Woking,</Address2><City>Surrey,</City></BillingAddress><EmailAddress>test@test.com</EmailAddress><PhoneNumber>123456789</PhoneNumber><CustomerIPAddress>127.0.0.1</CustomerIPAddress></CustomerDetails>

[2025-03-18 15:27:52]
<MerchantAuthentication MerchantID="PayVec-4235691" Password="THA2478AJA" />

[2025-03-18 15:27:52]
<PaymentMessage><TransactionDetails Amount="1000" CurrencyCode="826"><MessageDetails TransactionType="SALE" /><TransactionControl><ThreeDSecureOverridePolicy>true</ThreeDSecureOverridePolicy><DuplicateDelay>60</DuplicateDelay><EchoCardType>true</EchoCardType><EchoAVSCheckResult>true</EchoAVSCheckResult><EchoCV2CheckResult>true</EchoCV2CheckResult><EchoAmountReceived>true</EchoAmountReceived></TransactionControl><ThreeDSecureBrowserDetails DeviceCategory="0"><AcceptHeaders>*/*</AcceptHeaders><UserAgent>Mozilla/5.0 (Windows NT 10.0; Win64; x64) AppleWebKit/537.36 (KHTML, like Gecko) Chrome/134.0.0.0 Safari/537.36</UserAgent></ThreeDSecureBrowserDetails><ThreeDSecureNotificationDetails><FingerprintNotificationURL>http://127.0.0.1/payvector/ThreeDSecureLandingPage.php</FingerprintNotificationURL><ChallengeNotificationURL>http://127.0.0.1/payvector/ThreeDSecureLandingPage.php</ChallengeNotificationURL></ThreeDSecureNotificationDetails><OrderID>Order-1234</OrderID><OrderDescription>A Test Order</OrderDescription></TransactionDetails><CardDetails><CardName>Jessica Bennet</CardName><CV2>123</CV2><CardNumber>4000009429309977</CardNumber><ExpiryDate Month="12" Year="26" /><StartDate Month="01" Year="12" /><IssueNumber>10</IssueNumber></CardDetails><CustomerDetails><BillingAddress><Address1>7 Hillview Road,</Address1><Address2>Woking,</Address2><City>Surrey,</City></BillingAddress><EmailAddress>test@test.com</EmailAddress><PhoneNumber>123456789</PhoneNumber><CustomerIPAddress>127.0.0.1</CustomerIPAddress></CustomerDetails><MerchantAuthentication MerchantID="PayVec-4235691" Password="THA2478AJA" /></PaymentMessage>

